PASSEI
[2025-07-08 11:26:01] gerenciador de filas iniciado!
[2025-07-08 11:26:01] Verificando materliazed views
[2025-07-08 11:26:01] Atualizando pecas_usuarios_tempos_mvu...
[2025-07-08 11:26:15] Verificando materliazed views
[2025-07-08 11:26:15] Atualizando part_stats_mvu...
[2025-07-08 11:26:15] Verificando materliazed views
[2025-07-08 11:26:15] Atualizando pecas_usuarios_tempos_mvu...
[2025-07-08 11:26:29] Verificando materliazed views
[2025-07-08 11:26:29] Atualizando part_stats_mvu...
[2025-07-08 11:26:29] Verificando materliazed views
[2025-07-08 11:26:29] Atualizando pecas_usuarios_tempos_mvu...
[2025-07-08 11:26:42] Verificando materliazed views
[2025-07-08 11:26:42] Atualizando part_stats_mvu...
[2025-07-08 11:26:42] Verificando materliazed views
[2025-07-08 11:26:42] Atualizando pecas_usuarios_tempos_mvu...
[2025-07-08 11:26:57] Verificando materliazed views
[2025-07-08 11:26:57] Atualizando part_stats_mvu...
[2025-07-08 11:26:57] Verificando materliazed views
[2025-07-08 11:26:57] Atualizando pecas_usuarios_tempos_mvu...
[2025-07-08 11:27:11] Verificando materliazed views
[2025-07-08 11:27:11] Atualizando part_stats_mvu...
[2025-07-08 11:27:11] Verificando materliazed views
[2025-07-08 11:27:11] Atualizando pecas_usuarios_tempos_mvu...
[2025-07-08 11:27:26] Verificando materliazed views
[2025-07-08 11:27:26] Atualizando part_stats_mvu...
[2025-07-08 11:27:26] Verificando materliazed views
[2025-07-08 11:27:26] Atualizando pecas_usuarios_tempos_mvu...
[2025-07-08 11:27:40] Verificando materliazed views
[2025-07-08 11:27:40] Atualizando part_stats_mvu...
[2025-07-08 11:27:40] Verificando materliazed views
[2025-07-08 11:27:40] Atualizando pecas_usuarios_tempos_mvu...
[2025-07-08 11:27:55] Verificando materliazed views
[2025-07-08 11:27:55] Atualizando part_stats_mvu...
[2025-07-08 11:27:55] Verificando materliazed views
[2025-07-08 11:27:55] Atualizando pecas_usuarios_tempos_mvu...
[2025-07-08 11:28:10] Verificando materliazed views
[2025-07-08 11:28:10] Atualizando part_stats_mvu...
[2025-07-08 11:28:10] Verificando materliazed views
[2025-07-08 11:28:10] Atualizando pecas_usuarios_tempos_mvu...
[2025-07-08 11:28:24] Verificando materliazed views
[2025-07-08 11:28:24] Atualizando part_stats_mvu...
[2025-07-08 11:28:24] Verificando materliazed views
[2025-07-08 11:28:24] Atualizando pecas_usuarios_tempos_mvu...
[2025-07-08 11:28:39] Verificando materliazed views
[2025-07-08 11:28:39] Atualizando part_stats_mvu...
[2025-07-08 11:28:39] Verificando materliazed views
[2025-07-08 11:28:39] Atualizando pecas_usuarios_tempos_mvu...
[2025-07-08 11:28:53] Verificando materliazed views
[2025-07-08 11:28:53] Atualizando part_stats_mvu...
[2025-07-08 11:28:53] Verificando materliazed views
[2025-07-08 11:28:53] Atualizando pecas_usuarios_tempos_mvu...
[2025-07-08 11:29:08] Verificando materliazed views
[2025-07-08 11:29:08] Atualizando part_stats_mvu...
[2025-07-08 11:29:08] Verificando materliazed views
[2025-07-08 11:29:08] Atualizando pecas_usuarios_tempos_mvu...
[2025-07-08 11:29:22] Verificando materliazed views
[2025-07-08 11:29:22] Atualizando part_stats_mvu...
[2025-07-08 11:29:22] Verificando materliazed views
[2025-07-08 11:29:22] Atualizando pecas_usuarios_tempos_mvu...
[2025-07-08 11:29:37] Verificando materliazed views
[2025-07-08 11:29:37] Atualizando part_stats_mvu...
[2025-07-08 11:29:37] Verificando materliazed views
[2025-07-08 11:29:37] Atualizando pecas_usuarios_tempos_mvu...
[2025-07-08 11:29:52] Verificando materliazed views
[2025-07-08 11:29:52] Atualizando part_stats_mvu...
[2025-07-08 11:29:52] Verificando materliazed views
[2025-07-08 11:29:52] Atualizando pecas_usuarios_tempos_mvu...
[2025-07-08 11:30:06] Verificando materliazed views
[2025-07-08 11:30:06] Atualizando part_stats_mvu...
[2025-07-08 11:30:06] Verificando materliazed views
[2025-07-08 11:30:06] Atualizando pecas_usuarios_tempos_mvu...
[2025-07-08 11:30:21] Verificando materliazed views
[2025-07-08 11:30:21] Atualizando part_stats_mvu...
[2025-07-08 11:30:21] Verificando materliazed views
[2025-07-08 11:30:21] Atualizando pecas_usuarios_tempos_mvu...
[2025-07-08 11:30:35] Verificando materliazed views
[2025-07-08 11:30:35] Atualizando part_stats_mvu...
[2025-07-08 11:30:35] Verificando materliazed views
[2025-07-08 11:30:35] Atualizando pecas_usuarios_tempos_mvu...
[2025-07-08 11:30:50] Verificando materliazed views
[2025-07-08 11:30:50] Atualizando part_stats_mvu...
[2025-07-08 11:30:50] Verificando materliazed views
[2025-07-08 11:30:50] Atualizando pecas_usuarios_tempos_mvu...
[2025-07-08 11:31:05] Verificando materliazed views
[2025-07-08 11:31:05] Atualizando part_stats_mvu...
[2025-07-08 11:31:05] Verificando materliazed views
[2025-07-08 11:31:05] Atualizando pecas_usuarios_tempos_mvu...
[2025-07-08 11:31:19] Verificando materliazed views
[2025-07-08 11:31:19] Atualizando part_stats_mvu...
[2025-07-08 11:31:19] Verificando materliazed views
[2025-07-08 11:31:19] Atualizando pecas_usuarios_tempos_mvu...
[2025-07-08 11:31:34] Verificando materliazed views
[2025-07-08 11:31:34] Atualizando part_stats_mvu...
[2025-07-08 11:31:34] Verificando materliazed views
[2025-07-08 11:31:34] Atualizando pecas_usuarios_tempos_mvu...
[2025-07-08 11:31:49] Verificando materliazed views
[2025-07-08 11:31:49] Atualizando part_stats_mvu...
[2025-07-08 11:31:49] Verificando materliazed views
[2025-07-08 11:31:49] Atualizando pecas_usuarios_tempos_mvu...
[2025-07-08 11:32:04] Verificando materliazed views
[2025-07-08 11:32:04] Atualizando part_stats_mvu...
[2025-07-08 11:32:04] Verificando materliazed views
[2025-07-08 11:32:04] Atualizando pecas_usuarios_tempos_mvu...
[2025-07-08 11:32:18] Verificando materliazed views
[2025-07-08 11:32:18] Atualizando part_stats_mvu...
[2025-07-08 11:32:18] Verificando materliazed views
[2025-07-08 11:32:18] Atualizando pecas_usuarios_tempos_mvu...
[2025-07-08 11:32:33] Verificando materliazed views
[2025-07-08 11:32:33] Atualizando part_stats_mvu...
[2025-07-08 11:32:33] Verificando materliazed views
[2025-07-08 11:32:33] Atualizando pecas_usuarios_tempos_mvu...
[2025-07-08 11:32:47] Verificando materliazed views
[2025-07-08 11:32:47] Atualizando part_stats_mvu...
[2025-07-08 11:32:47] Verificando materliazed views
[2025-07-08 11:32:47] Atualizando pecas_usuarios_tempos_mvu...
[2025-07-08 11:33:02] Verificando materliazed views
[2025-07-08 11:33:02] Atualizando part_stats_mvu...
[2025-07-08 11:33:02] Verificando materliazed views
[2025-07-08 11:33:02] Atualizando pecas_usuarios_tempos_mvu...
[2025-07-08 11:33:17] Verificando materliazed views
[2025-07-08 11:33:17] Atualizando part_stats_mvu...
[2025-07-08 11:33:17] Verificando materliazed views
[2025-07-08 11:33:17] Atualizando pecas_usuarios_tempos_mvu...
[2025-07-08 11:33:31] Verificando materliazed views
[2025-07-08 11:33:31] Atualizando part_stats_mvu...
[2025-07-08 11:33:31] Verificando materliazed views
[2025-07-08 11:33:31] Atualizando pecas_usuarios_tempos_mvu...
[2025-07-08 11:33:46] Verificando materliazed views
[2025-07-08 11:33:46] Atualizando part_stats_mvu...
[2025-07-08 11:33:46] Verificando materliazed views
[2025-07-08 11:33:46] Atualizando pecas_usuarios_tempos_mvu...
[2025-07-08 11:34:01] Verificando materliazed views
[2025-07-08 11:34:01] Atualizando part_stats_mvu...
[2025-07-08 11:34:01] Verificando materliazed views
[2025-07-08 11:34:01] Atualizando pecas_usuarios_tempos_mvu...
[2025-07-08 11:34:15] Verificando materliazed views
[2025-07-08 11:34:15] Atualizando part_stats_mvu...
[2025-07-08 11:34:15] Verificando materliazed views
[2025-07-08 11:34:15] Atualizando pecas_usuarios_tempos_mvu...
[2025-07-08 11:34:30] Verificando materliazed views
[2025-07-08 11:34:30] Atualizando part_stats_mvu...
[2025-07-08 11:34:30] Verificando materliazed views
[2025-07-08 11:34:30] Atualizando pecas_usuarios_tempos_mvu...
[2025-07-08 11:34:45] Verificando materliazed views
[2025-07-08 11:34:45] Atualizando part_stats_mvu...
[2025-07-08 11:34:45] Verificando materliazed views
[2025-07-08 11:34:45] Atualizando pecas_usuarios_tempos_mvu...
[2025-07-08 11:35:00] Verificando materliazed views
[2025-07-08 11:35:00] Atualizando part_stats_mvu...
[2025-07-08 11:35:00] Verificando materliazed views
[2025-07-08 11:35:00] Atualizando pecas_usuarios_tempos_mvu...
[2025-07-08 11:35:14] Verificando materliazed views
[2025-07-08 11:35:14] Atualizando part_stats_mvu...
[2025-07-08 11:35:14] Verificando materliazed views
[2025-07-08 11:35:14] Atualizando pecas_usuarios_tempos_mvu...
[2025-07-08 11:35:29] Verificando materliazed views
[2025-07-08 11:35:29] Atualizando part_stats_mvu...
[2025-07-08 11:35:29] Verificando materliazed views
[2025-07-08 11:35:29] Atualizando pecas_usuarios_tempos_mvu...
[2025-07-08 11:35:44] Verificando materliazed views
[2025-07-08 11:35:44] Atualizando part_stats_mvu...
[2025-07-08 11:35:44] Verificando materliazed views
[2025-07-08 11:35:44] Atualizando pecas_usuarios_tempos_mvu...
[2025-07-08 11:35:58] Verificando materliazed views
[2025-07-08 11:35:58] Atualizando part_stats_mvu...
[2025-07-08 11:35:58] Verificando materliazed views
[2025-07-08 11:35:58] Atualizando pecas_usuarios_tempos_mvu...
[2025-07-08 11:36:13] Verificando materliazed views
[2025-07-08 11:36:13] Atualizando part_stats_mvu...
[2025-07-08 11:36:13] Verificando materliazed views
[2025-07-08 11:36:13] Atualizando pecas_usuarios_tempos_mvu...
[2025-07-08 11:36:28] Verificando materliazed views
[2025-07-08 11:36:28] Atualizando part_stats_mvu...
[2025-07-08 11:36:28] Verificando materliazed views
[2025-07-08 11:36:28] Atualizando pecas_usuarios_tempos_mvu...
[2025-07-08 11:36:42] Verificando materliazed views
[2025-07-08 11:36:42] Atualizando part_stats_mvu...
[2025-07-08 11:36:42] Verificando materliazed views
[2025-07-08 11:36:42] Atualizando pecas_usuarios_tempos_mvu...
[2025-07-08 11:36:57] Verificando materliazed views
[2025-07-08 11:36:57] Atualizando part_stats_mvu...
[2025-07-08 11:36:57] Verificando materliazed views
[2025-07-08 11:36:57] Atualizando pecas_usuarios_tempos_mvu...
[2025-07-08 11:37:12] Verificando materliazed views
[2025-07-08 11:37:12] Atualizando part_stats_mvu...
[2025-07-08 11:37:12] Verificando materliazed views
[2025-07-08 11:37:12] Atualizando pecas_usuarios_tempos_mvu...
[2025-07-08 11:37:27] Verificando materliazed views
[2025-07-08 11:37:27] Atualizando part_stats_mvu...
[2025-07-08 11:37:27] Verificando materliazed views
[2025-07-08 11:37:27] Atualizando pecas_usuarios_tempos_mvu...
[2025-07-08 11:37:42] Verificando materliazed views
[2025-07-08 11:37:42] Atualizando part_stats_mvu...
[2025-07-08 11:37:42] Verificando materliazed views
[2025-07-08 11:37:42] Atualizando pecas_usuarios_tempos_mvu...
[2025-07-08 11:37:56] Verificando materliazed views
[2025-07-08 11:37:56] Atualizando part_stats_mvu...
[2025-07-08 11:37:56] Verificando materliazed views
[2025-07-08 11:37:56] Atualizando pecas_usuarios_tempos_mvu...
[2025-07-08 11:38:11] Verificando materliazed views
[2025-07-08 11:38:11] Atualizando part_stats_mvu...
[2025-07-08 11:38:11] Verificando materliazed views
[2025-07-08 11:38:11] Atualizando pecas_usuarios_tempos_mvu...
[2025-07-08 11:38:26] Verificando materliazed views
[2025-07-08 11:38:26] Atualizando part_stats_mvu...
[2025-07-08 11:38:26] Verificando materliazed views
[2025-07-08 11:38:26] Atualizando pecas_usuarios_tempos_mvu...
[2025-07-08 11:38:40] Verificando materliazed views
[2025-07-08 11:38:40] Atualizando part_stats_mvu...
[2025-07-08 11:38:40] Verificando materliazed views
[2025-07-08 11:38:40] Atualizando pecas_usuarios_tempos_mvu...
[2025-07-08 11:38:55] Verificando materliazed views
[2025-07-08 11:38:55] Atualizando part_stats_mvu...
[2025-07-08 11:38:55] Verificando materliazed views
[2025-07-08 11:38:55] Atualizando pecas_usuarios_tempos_mvu...
[2025-07-08 11:39:09] Verificando materliazed views
[2025-07-08 11:39:09] Atualizando part_stats_mvu...
[2025-07-08 11:39:09] Verificando materliazed views
[2025-07-08 11:39:09] Atualizando pecas_usuarios_tempos_mvu...
[2025-07-08 11:39:24] Verificando materliazed views
[2025-07-08 11:39:24] Atualizando part_stats_mvu...
[2025-07-08 11:39:24] Verificando materliazed views
[2025-07-08 11:39:24] Atualizando pecas_usuarios_tempos_mvu...
[2025-07-08 11:39:39] Verificando materliazed views
[2025-07-08 11:39:39] Atualizando part_stats_mvu...
[2025-07-08 11:39:39] Verificando materliazed views
[2025-07-08 11:39:39] Atualizando pecas_usuarios_tempos_mvu...
